[2024-12-05 11:25:39 INFO restartedMain] [com.green.greengram.GreenGramVer3Application] Starting GreenGramVer2Application using Java 17.0.13 with PID 5944 (D:\Students\jang jin seong\GreenGramVer2\build\classes\java\main started by Administrator in D:\Students\jang jin seong\GreenGramVer2)
[2024-12-05 11:25:39 INFO restartedMain] [com.green.greengram.GreenGramVer3Application] No active profile set, falling back to 1 default profile: "default"
[2024-12-05 11:25:39 INFO restartedMain] [org.springframework.boot.devtools.env.DevToolsPropertyDefaultsPostProcessor] Devtools property defaults active! Set 'spring.devtools.add-properties' to 'false' to disable
[2024-12-05 11:25:39 INFO restartedMain] [org.springframework.boot.devtools.env.DevToolsPropertyDefaultsPostProcessor] For additional web related logging consider setting the 'logging.level.web' property to 'DEBUG'
[2024-12-05 11:25:40 INFO restartedMain] [org.springframework.boot.web.embedded.tomcat.TomcatWebServer] Tomcat initialized with port 8080 (http)
[2024-12-05 11:25:40 INFO restartedMain] [org.apache.coyote.http11.Http11NioProtocol] Initializing ProtocolHandler ["http-nio-8080"]
[2024-12-05 11:25:40 INFO restartedMain] [org.apache.catalina.core.StandardService] Starting service [Tomcat]
[2024-12-05 11:25:40 INFO restartedMain] [org.apache.catalina.core.StandardEngine] Starting Servlet engine: [Apache Tomcat/10.1.33]
[2024-12-05 11:25:40 INFO restartedMain] [org.apache.catalina.core.ContainerBase.[Tomcat].[localhost].[/]] Initializing Spring embedded WebApplicationContext
[2024-12-05 11:25:40 INFO restartedMain] [org.springframework.boot.web.servlet.context.ServletWebServerApplicationContext] Root WebApplicationContext: initialization completed in 1148 ms
[2024-12-05 11:25:40 INFO restartedMain] [com.green.greengram.common.MyFileUtils] MFU 생성자: D:\Students\jang jin seong\download\greengram_ver2
[2024-12-05 11:25:41 INFO restartedMain] [org.springframework.boot.autoconfigure.web.servlet.WelcomePageHandlerMapping] Adding welcome page: class path resource [static/index.html]
[2024-12-05 11:25:41 INFO restartedMain] [org.springframework.boot.devtools.autoconfigure.OptionalLiveReloadServer] LiveReload server is running on port 35729
[2024-12-05 11:25:41 INFO restartedMain] [org.apache.coyote.http11.Http11NioProtocol] Starting ProtocolHandler ["http-nio-8080"]
[2024-12-05 11:25:41 INFO restartedMain] [org.springframework.boot.web.embedded.tomcat.TomcatWebServer] Tomcat started on port 8080 (http) with context path '/'
[2024-12-05 11:25:41 INFO restartedMain] [com.green.greengram.GreenGramVer3Application] Started GreenGramVer2Application in 2.471 seconds (process running for 3.35)
[2024-12-05 11:25:42 INFO http-nio-8080-exec-1] [org.apache.catalina.core.ContainerBase.[Tomcat].[localhost].[/]] Initializing Spring DispatcherServlet 'dispatcherServlet'
[2024-12-05 11:25:42 INFO http-nio-8080-exec-1] [org.springframework.web.servlet.DispatcherServlet] Initializing Servlet 'dispatcherServlet'
[2024-12-05 11:25:42 INFO http-nio-8080-exec-1] [org.springframework.web.servlet.DispatcherServlet] Completed initialization in 1 ms
[2024-12-05 11:25:43 INFO http-nio-8080-exec-7] [com.green.greengram.feed.model.FeedGetReq] FeedGetReq 1,null,24
[2024-12-05 11:25:43 INFO http-nio-8080-exec-7] [com.green.greengram.feed.FeedController] feedC getFeedList p: FeedGetReq(super=Paging(page=1, size=20, sIdx=0), signedUserId=24)
[2024-12-05 11:25:43 INFO http-nio-8080-exec-7] [com.zaxxer.hikari.HikariDataSource] HikariPool-1 - Starting...
[2024-12-05 11:25:43 INFO http-nio-8080-exec-7] [com.zaxxer.hikari.pool.HikariPool] HikariPool-1 - Added connection net.sf.log4jdbc.sql.jdbcapi.ConnectionSpy@79f00055
[2024-12-05 11:25:43 INFO http-nio-8080-exec-7] [com.zaxxer.hikari.HikariDataSource] HikariPool-1 - Start completed.
[2024-12-05 11:25:43 DEBUGhttp-nio-8080-exec-7] [jdbc.sqltiming]  com.zaxxer.hikari.pool.ProxyPreparedStatement.execute(ProxyPreparedStatement.java:44)
1. SELECT a.feed_id AS feedId, writer_user_id AS writerUserId,
        if(nick_name IS NULL , uid, nick_name) AS writerNm,
        pic AS writerPic, contents, location, a.created_at AS createdAt,
        if(c.feed_id IS NULL ,0 , 1) AS isLike
        FROM feed A
        JOIN user B
        ON a.writer_user_id = b.user_id
        LEFT JOIN feed_like c
        ON a.feed_id = c.feed_id
        AND c.user_id = 24
        ORDER BY a.feed_id DESC
        LIMIT 0,20
 {executed in 0 msec}
[2024-12-05 11:25:43 INFO http-nio-8080-exec-7] [jdbc.resultsettable] 
|--------|---------------|---------|-----------------------------------------|-------------|---------|--------------------|-------|
|feed_id |writer_user_id |writernm |pic                                      |contents     |location |created_at          |islike |
|--------|---------------|---------|-----------------------------------------|-------------|---------|--------------------|-------|
|27      |1              |33       |2ef8b9f3-bb2b-446e-a17d-18fe27c210c1.jpg |I am panguin |남극       |2024-11-29 17:07:59 |0      |
|26      |1              |33       |2ef8b9f3-bb2b-446e-a17d-18fe27c210c1.jpg |I am panguin |남극       |2024-11-29 16:46:01 |0      |
|25      |5              |66       |d6440a69-541b-4d3c-969a-a6b643fd10de.jpg |4123         |213      |2024-11-29 16:32:31 |0      |
|24      |1              |33       |2ef8b9f3-bb2b-446e-a17d-18fe27c210c1.jpg |31231        |123      |2024-11-29 16:01:53 |0      |
|23      |1              |33       |2ef8b9f3-bb2b-446e-a17d-18fe27c210c1.jpg |4754         |444      |2024-11-29 16:00:03 |0      |
|22      |1              |33       |2ef8b9f3-bb2b-446e-a17d-18fe27c210c1.jpg |aaa          |aa       |2024-11-29 15:58:25 |0      |
|14      |1              |33       |2ef8b9f3-bb2b-446e-a17d-18fe27c210c1.jpg |null         |null     |2024-11-29 10:51:21 |0      |
|13      |1              |33       |2ef8b9f3-bb2b-446e-a17d-18fe27c210c1.jpg |null         |null     |2024-11-29 10:51:14 |0      |
|12      |1              |33       |2ef8b9f3-bb2b-446e-a17d-18fe27c210c1.jpg |null         |null     |2024-11-29 10:42:17 |0      |
|11      |1              |33       |2ef8b9f3-bb2b-446e-a17d-18fe27c210c1.jpg |123          |33123    |2024-11-29 10:42:01 |0      |
|9       |1              |33       |2ef8b9f3-bb2b-446e-a17d-18fe27c210c1.jpg |21123        |3        |2024-11-29 10:37:22 |0      |
|7       |1              |33       |2ef8b9f3-bb2b-446e-a17d-18fe27c210c1.jpg |null         |null     |2024-11-28 17:20:59 |0      |
|6       |1              |33       |2ef8b9f3-bb2b-446e-a17d-18fe27c210c1.jpg |             |         |2024-11-28 17:15:01 |0      |
|--------|---------------|---------|-----------------------------------------|-------------|---------|--------------------|-------|

[2024-12-05 11:25:43 DEBUGhttp-nio-8080-exec-7] [jdbc.sqltiming]  com.zaxxer.hikari.pool.ProxyPreparedStatement.execute(ProxyPreparedStatement.java:44)
1. select pic
        from feed_pics
        where feed_id = 27
 {executed in 0 msec}
[2024-12-05 11:25:43 INFO http-nio-8080-exec-7] [jdbc.resultsettable] 
|-----------------------------------------|
|pic                                      |
|-----------------------------------------|
|5a0d637a-00c7-441f-a9fa-c0dc68af2602.jpg |
|-----------------------------------------|

[2024-12-05 11:25:43 DEBUGhttp-nio-8080-exec-7] [jdbc.sqltiming]  com.zaxxer.hikari.pool.ProxyPreparedStatement.execute(ProxyPreparedStatement.java:44)
1. SELECT a.user_id AS writerUserId, feed_comment_id as feedCommentId, comment,
        if(nick_name is null , uid, nick_name) as writerNm, pic as writerPic
        FROM feed_comments A
        join user B
        on a.user_id = b.user_id
        WHERE feed_id = 27
        ORDER BY feed_comment_id DESC
        LIMIT 0, 4
 {executed in 0 msec}
[2024-12-05 11:25:43 INFO http-nio-8080-exec-7] [jdbc.resultsettable] 
|--------|----------------|--------|---------|-----------------------------------------|
|user_id |feed_comment_id |comment |writernm |pic                                      |
|--------|----------------|--------|---------|-----------------------------------------|
|1       |41              |5       |33       |2ef8b9f3-bb2b-446e-a17d-18fe27c210c1.jpg |
|1       |40              |4       |33       |2ef8b9f3-bb2b-446e-a17d-18fe27c210c1.jpg |
|1       |37              |3       |33       |2ef8b9f3-bb2b-446e-a17d-18fe27c210c1.jpg |
|1       |36              |2       |33       |2ef8b9f3-bb2b-446e-a17d-18fe27c210c1.jpg |
|--------|----------------|--------|---------|-----------------------------------------|

[2024-12-05 11:26:09 WARN HikariPool-1 housekeeper] [com.zaxxer.hikari.pool.HikariPool] HikariPool-1 - Thread starvation or clock leap detected (housekeeper delta=55s897ms720µs600ns).
[2024-12-05 11:26:09 DEBUGhttp-nio-8080-exec-7] [jdbc.sqltiming]  com.zaxxer.hikari.pool.ProxyPreparedStatement.execute(ProxyPreparedStatement.java:44)
1. select pic
        from feed_pics
        where feed_id = 26
 {executed in 1 msec}
[2024-12-05 11:26:09 INFO http-nio-8080-exec-7] [jdbc.resultsettable] 
|-----------------------------------------|
|pic                                      |
|-----------------------------------------|
|3e5fe979-fe9c-4ed6-9ad7-c1dbf4f2538f.jpg |
|-----------------------------------------|

[2024-12-05 11:26:09 DEBUGhttp-nio-8080-exec-7] [jdbc.sqltiming]  com.zaxxer.hikari.pool.ProxyPreparedStatement.execute(ProxyPreparedStatement.java:44)
1. SELECT a.user_id AS writerUserId, feed_comment_id as feedCommentId, comment,
        if(nick_name is null , uid, nick_name) as writerNm, pic as writerPic
        FROM feed_comments A
        join user B
        on a.user_id = b.user_id
        WHERE feed_id = 26
        ORDER BY feed_comment_id DESC
        LIMIT 0, 4
 {executed in 1 msec}
[2024-12-05 11:26:09 INFO http-nio-8080-exec-7] [jdbc.resultsettable] 
|--------|----------------|--------|---------|-----------------------------------------|
|user_id |feed_comment_id |comment |writernm |pic                                      |
|--------|----------------|--------|---------|-----------------------------------------|
|1       |9               |s       |33       |2ef8b9f3-bb2b-446e-a17d-18fe27c210c1.jpg |
|5       |8               |123     |66       |d6440a69-541b-4d3c-969a-a6b643fd10de.jpg |
|--------|----------------|--------|---------|-----------------------------------------|

[2024-12-05 11:26:09 DEBUGhttp-nio-8080-exec-7] [jdbc.sqltiming]  com.zaxxer.hikari.pool.ProxyPreparedStatement.execute(ProxyPreparedStatement.java:44)
1. select pic
        from feed_pics
        where feed_id = 25
 {executed in 0 msec}
[2024-12-05 11:26:09 INFO http-nio-8080-exec-7] [jdbc.resultsettable] 
|-----------------------------------------|
|pic                                      |
|-----------------------------------------|
|8213634a-99df-42d8-963e-87bc120cc8a7.jpg |
|-----------------------------------------|

[2024-12-05 11:26:09 DEBUGhttp-nio-8080-exec-7] [jdbc.sqltiming]  com.zaxxer.hikari.pool.ProxyPreparedStatement.execute(ProxyPreparedStatement.java:44)
1. SELECT a.user_id AS writerUserId, feed_comment_id as feedCommentId, comment,
        if(nick_name is null , uid, nick_name) as writerNm, pic as writerPic
        FROM feed_comments A
        join user B
        on a.user_id = b.user_id
        WHERE feed_id = 25
        ORDER BY feed_comment_id DESC
        LIMIT 0, 4
 {executed in 2 msec}
[2024-12-05 11:26:09 INFO http-nio-8080-exec-7] [jdbc.resultsettable] 
|--------|----------------|--------|---------|----|
|user_id |feed_comment_id |comment |writernm |pic |
|--------|----------------|--------|---------|----|
|--------|----------------|--------|---------|----|

[2024-12-05 11:26:09 DEBUGhttp-nio-8080-exec-7] [jdbc.sqltiming]  com.zaxxer.hikari.pool.ProxyPreparedStatement.execute(ProxyPreparedStatement.java:44)
1. select pic
        from feed_pics
        where feed_id = 24
 {executed in 0 msec}
[2024-12-05 11:26:09 INFO http-nio-8080-exec-7] [jdbc.resultsettable] 
|-----------------------------------------|
|pic                                      |
|-----------------------------------------|
|dfe6f2c1-3753-4a6a-aff4-0de7fa2786b8.jpg |
|-----------------------------------------|

[2024-12-05 11:26:09 DEBUGhttp-nio-8080-exec-7] [jdbc.sqltiming]  com.zaxxer.hikari.pool.ProxyPreparedStatement.execute(ProxyPreparedStatement.java:44)
1. SELECT a.user_id AS writerUserId, feed_comment_id as feedCommentId, comment,
        if(nick_name is null , uid, nick_name) as writerNm, pic as writerPic
        FROM feed_comments A
        join user B
        on a.user_id = b.user_id
        WHERE feed_id = 24
        ORDER BY feed_comment_id DESC
        LIMIT 0, 4
 {executed in 7 msec}
[2024-12-05 11:26:09 INFO http-nio-8080-exec-7] [jdbc.resultsettable] 
|--------|----------------|--------|---------|----|
|user_id |feed_comment_id |comment |writernm |pic |
|--------|----------------|--------|---------|----|
|--------|----------------|--------|---------|----|

[2024-12-05 11:26:09 DEBUGhttp-nio-8080-exec-7] [jdbc.sqltiming]  com.zaxxer.hikari.pool.ProxyPreparedStatement.execute(ProxyPreparedStatement.java:44)
1. select pic
        from feed_pics
        where feed_id = 23
 {executed in 0 msec}
[2024-12-05 11:26:09 INFO http-nio-8080-exec-7] [jdbc.resultsettable] 
|-----------------------------------------|
|pic                                      |
|-----------------------------------------|
|f3e6375d-35d8-4a4a-a976-26ca5c6abaac.jpg |
|-----------------------------------------|

[2024-12-05 11:26:09 DEBUGhttp-nio-8080-exec-7] [jdbc.sqltiming]  com.zaxxer.hikari.pool.ProxyPreparedStatement.execute(ProxyPreparedStatement.java:44)
1. SELECT a.user_id AS writerUserId, feed_comment_id as feedCommentId, comment,
        if(nick_name is null , uid, nick_name) as writerNm, pic as writerPic
        FROM feed_comments A
        join user B
        on a.user_id = b.user_id
        WHERE feed_id = 23
        ORDER BY feed_comment_id DESC
        LIMIT 0, 4
 {executed in 0 msec}
[2024-12-05 11:26:09 INFO http-nio-8080-exec-7] [jdbc.resultsettable] 
|--------|----------------|--------|---------|----|
|user_id |feed_comment_id |comment |writernm |pic |
|--------|----------------|--------|---------|----|
|--------|----------------|--------|---------|----|

[2024-12-05 11:26:09 DEBUGhttp-nio-8080-exec-7] [jdbc.sqltiming]  com.zaxxer.hikari.pool.ProxyPreparedStatement.execute(ProxyPreparedStatement.java:44)
1. select pic
        from feed_pics
        where feed_id = 22
 {executed in 7 msec}
[2024-12-05 11:26:09 INFO http-nio-8080-exec-7] [jdbc.resultsettable] 
|-----------------------------------------|
|pic                                      |
|-----------------------------------------|
|e97360ca-fe79-48c3-acaa-cd71042a0a78.tif |
|-----------------------------------------|

[2024-12-05 11:26:09 DEBUGhttp-nio-8080-exec-7] [jdbc.sqltiming]  com.zaxxer.hikari.pool.ProxyPreparedStatement.execute(ProxyPreparedStatement.java:44)
1. SELECT a.user_id AS writerUserId, feed_comment_id as feedCommentId, comment,
        if(nick_name is null , uid, nick_name) as writerNm, pic as writerPic
        FROM feed_comments A
        join user B
        on a.user_id = b.user_id
        WHERE feed_id = 22
        ORDER BY feed_comment_id DESC
        LIMIT 0, 4
 {executed in 1 msec}
[2024-12-05 11:26:09 INFO http-nio-8080-exec-7] [jdbc.resultsettable] 
|--------|----------------|--------|---------|----|
|user_id |feed_comment_id |comment |writernm |pic |
|--------|----------------|--------|---------|----|
|--------|----------------|--------|---------|----|

[2024-12-05 11:26:09 DEBUGhttp-nio-8080-exec-7] [jdbc.sqltiming]  com.zaxxer.hikari.pool.ProxyPreparedStatement.execute(ProxyPreparedStatement.java:44)
1. select pic
        from feed_pics
        where feed_id = 14
 {executed in 0 msec}
[2024-12-05 11:26:09 INFO http-nio-8080-exec-7] [jdbc.resultsettable] 
|-----------------------------------------|
|pic                                      |
|-----------------------------------------|
|a3709fe6-3e0d-4f04-8cef-1cc328c4fc0c.jpg |
|ada457b9-68aa-4a78-b0c8-c5035af844e2.jpg |
|-----------------------------------------|

[2024-12-05 11:26:09 DEBUGhttp-nio-8080-exec-7] [jdbc.sqltiming]  com.zaxxer.hikari.pool.ProxyPreparedStatement.execute(ProxyPreparedStatement.java:44)
1. SELECT a.user_id AS writerUserId, feed_comment_id as feedCommentId, comment,
        if(nick_name is null , uid, nick_name) as writerNm, pic as writerPic
        FROM feed_comments A
        join user B
        on a.user_id = b.user_id
        WHERE feed_id = 14
        ORDER BY feed_comment_id DESC
        LIMIT 0, 4
 {executed in 1 msec}
[2024-12-05 11:26:09 INFO http-nio-8080-exec-7] [jdbc.resultsettable] 
|--------|----------------|--------|---------|----|
|user_id |feed_comment_id |comment |writernm |pic |
|--------|----------------|--------|---------|----|
|--------|----------------|--------|---------|----|

[2024-12-05 11:26:09 DEBUGhttp-nio-8080-exec-7] [jdbc.sqltiming]  com.zaxxer.hikari.pool.ProxyPreparedStatement.execute(ProxyPreparedStatement.java:44)
1. select pic
        from feed_pics
        where feed_id = 13
 {executed in 0 msec}
[2024-12-05 11:26:09 INFO http-nio-8080-exec-7] [jdbc.resultsettable] 
|-----------------------------------------|
|pic                                      |
|-----------------------------------------|
|6fe5de58-57ef-47e7-80c7-49c0506ca143.jpg |
|920ca8e8-5dc2-4844-aa7f-d7782e94d380.jpg |
|-----------------------------------------|

[2024-12-05 11:26:09 DEBUGhttp-nio-8080-exec-7] [jdbc.sqltiming]  com.zaxxer.hikari.pool.ProxyPreparedStatement.execute(ProxyPreparedStatement.java:44)
1. SELECT a.user_id AS writerUserId, feed_comment_id as feedCommentId, comment,
        if(nick_name is null , uid, nick_name) as writerNm, pic as writerPic
        FROM feed_comments A
        join user B
        on a.user_id = b.user_id
        WHERE feed_id = 13
        ORDER BY feed_comment_id DESC
        LIMIT 0, 4
 {executed in 0 msec}
[2024-12-05 11:26:09 INFO http-nio-8080-exec-7] [jdbc.resultsettable] 
|--------|----------------|--------|---------|----|
|user_id |feed_comment_id |comment |writernm |pic |
|--------|----------------|--------|---------|----|
|--------|----------------|--------|---------|----|

[2024-12-05 11:26:09 DEBUGhttp-nio-8080-exec-7] [jdbc.sqltiming]  com.zaxxer.hikari.pool.ProxyPreparedStatement.execute(ProxyPreparedStatement.java:44)
1. select pic
        from feed_pics
        where feed_id = 12
 {executed in 0 msec}
[2024-12-05 11:26:09 INFO http-nio-8080-exec-7] [jdbc.resultsettable] 
|-----------------------------------------|
|pic                                      |
|-----------------------------------------|
|84e77be4-2b62-4f40-8f8b-0803e1080449.jpg |
|84f31709-40aa-40eb-a7e7-da0219067927.jpg |
|-----------------------------------------|

[2024-12-05 11:26:09 DEBUGhttp-nio-8080-exec-7] [jdbc.sqltiming]  com.zaxxer.hikari.pool.ProxyPreparedStatement.execute(ProxyPreparedStatement.java:44)
1. SELECT a.user_id AS writerUserId, feed_comment_id as feedCommentId, comment,
        if(nick_name is null , uid, nick_name) as writerNm, pic as writerPic
        FROM feed_comments A
        join user B
        on a.user_id = b.user_id
        WHERE feed_id = 12
        ORDER BY feed_comment_id DESC
        LIMIT 0, 4
 {executed in 14 msec}
[2024-12-05 11:26:09 INFO http-nio-8080-exec-7] [jdbc.resultsettable] 
|--------|----------------|--------|---------|----|
|user_id |feed_comment_id |comment |writernm |pic |
|--------|----------------|--------|---------|----|
|--------|----------------|--------|---------|----|

[2024-12-05 11:26:09 DEBUGhttp-nio-8080-exec-7] [jdbc.sqltiming]  com.zaxxer.hikari.pool.ProxyPreparedStatement.execute(ProxyPreparedStatement.java:44)
1. select pic
        from feed_pics
        where feed_id = 11
 {executed in 0 msec}
[2024-12-05 11:26:09 INFO http-nio-8080-exec-7] [jdbc.resultsettable] 
|-----------------------------------------|
|pic                                      |
|-----------------------------------------|
|3fc51a83-46ea-43ca-a85b-6fad4794a2bd.jpg |
|49906eb9-a412-4428-a629-baccbe152c75.jpg |
|-----------------------------------------|

[2024-12-05 11:26:09 DEBUGhttp-nio-8080-exec-7] [jdbc.sqltiming]  com.zaxxer.hikari.pool.ProxyPreparedStatement.execute(ProxyPreparedStatement.java:44)
1. SELECT a.user_id AS writerUserId, feed_comment_id as feedCommentId, comment,
        if(nick_name is null , uid, nick_name) as writerNm, pic as writerPic
        FROM feed_comments A
        join user B
        on a.user_id = b.user_id
        WHERE feed_id = 11
        ORDER BY feed_comment_id DESC
        LIMIT 0, 4
 {executed in 0 msec}
[2024-12-05 11:26:09 INFO http-nio-8080-exec-7] [jdbc.resultsettable] 
|--------|----------------|--------|---------|----|
|user_id |feed_comment_id |comment |writernm |pic |
|--------|----------------|--------|---------|----|
|--------|----------------|--------|---------|----|

[2024-12-05 11:26:09 DEBUGhttp-nio-8080-exec-7] [jdbc.sqltiming]  com.zaxxer.hikari.pool.ProxyPreparedStatement.execute(ProxyPreparedStatement.java:44)
1. select pic
        from feed_pics
        where feed_id = 9
 {executed in 0 msec}
[2024-12-05 11:26:09 INFO http-nio-8080-exec-7] [jdbc.resultsettable] 
|-----------------------------------------|
|pic                                      |
|-----------------------------------------|
|34669219-c5d3-4d84-a277-fd8c2b8bca4f.jpg |
|f1ed44ba-1254-4232-9a0d-65037abe1e9c.jpg |
|-----------------------------------------|

[2024-12-05 11:26:09 DEBUGhttp-nio-8080-exec-7] [jdbc.sqltiming]  com.zaxxer.hikari.pool.ProxyPreparedStatement.execute(ProxyPreparedStatement.java:44)
1. SELECT a.user_id AS writerUserId, feed_comment_id as feedCommentId, comment,
        if(nick_name is null , uid, nick_name) as writerNm, pic as writerPic
        FROM feed_comments A
        join user B
        on a.user_id = b.user_id
        WHERE feed_id = 9
        ORDER BY feed_comment_id DESC
        LIMIT 0, 4
 {executed in 0 msec}
[2024-12-05 11:26:09 INFO http-nio-8080-exec-7] [jdbc.resultsettable] 
|--------|----------------|--------|---------|----|
|user_id |feed_comment_id |comment |writernm |pic |
|--------|----------------|--------|---------|----|
|--------|----------------|--------|---------|----|

[2024-12-05 11:26:09 DEBUGhttp-nio-8080-exec-7] [jdbc.sqltiming]  com.zaxxer.hikari.pool.ProxyPreparedStatement.execute(ProxyPreparedStatement.java:44)
1. select pic
        from feed_pics
        where feed_id = 7
 {executed in 0 msec}
[2024-12-05 11:26:09 INFO http-nio-8080-exec-7] [jdbc.resultsettable] 
|-----------------------------------------|
|pic                                      |
|-----------------------------------------|
|14ecfa41-07fc-40d0-b50b-3fe95a840992.jpg |
|2694c9a6-a7b3-4800-ac73-0c853e16a152.jpg |
|-----------------------------------------|

[2024-12-05 11:26:09 DEBUGhttp-nio-8080-exec-7] [jdbc.sqltiming]  com.zaxxer.hikari.pool.ProxyPreparedStatement.execute(ProxyPreparedStatement.java:44)
1. SELECT a.user_id AS writerUserId, feed_comment_id as feedCommentId, comment,
        if(nick_name is null , uid, nick_name) as writerNm, pic as writerPic
        FROM feed_comments A
        join user B
        on a.user_id = b.user_id
        WHERE feed_id = 7
        ORDER BY feed_comment_id DESC
        LIMIT 0, 4
 {executed in 0 msec}
[2024-12-05 11:26:09 INFO http-nio-8080-exec-7] [jdbc.resultsettable] 
|--------|----------------|--------|---------|----|
|user_id |feed_comment_id |comment |writernm |pic |
|--------|----------------|--------|---------|----|
|--------|----------------|--------|---------|----|

[2024-12-05 11:26:09 DEBUGhttp-nio-8080-exec-7] [jdbc.sqltiming]  com.zaxxer.hikari.pool.ProxyPreparedStatement.execute(ProxyPreparedStatement.java:44)
1. select pic
        from feed_pics
        where feed_id = 6
 {executed in 0 msec}
[2024-12-05 11:26:09 INFO http-nio-8080-exec-7] [jdbc.resultsettable] 
|-----------------------------------------|
|pic                                      |
|-----------------------------------------|
|3c31d519-96b0-49bd-8657-d1eac4fb3fc1.jpg |
|-----------------------------------------|

[2024-12-05 11:26:09 DEBUGhttp-nio-8080-exec-7] [jdbc.sqltiming]  com.zaxxer.hikari.pool.ProxyPreparedStatement.execute(ProxyPreparedStatement.java:44)
1. SELECT a.user_id AS writerUserId, feed_comment_id as feedCommentId, comment,
        if(nick_name is null , uid, nick_name) as writerNm, pic as writerPic
        FROM feed_comments A
        join user B
        on a.user_id = b.user_id
        WHERE feed_id = 6
        ORDER BY feed_comment_id DESC
        LIMIT 0, 4
 {executed in 0 msec}
[2024-12-05 11:26:09 INFO http-nio-8080-exec-7] [jdbc.resultsettable] 
|--------|----------------|--------|---------|----|
|user_id |feed_comment_id |comment |writernm |pic |
|--------|----------------|--------|---------|----|
|--------|----------------|--------|---------|----|

[2024-12-05 11:26:09 DEBUGhttp-nio-8080-exec-8] [jdbc.sqltiming]  com.zaxxer.hikari.pool.ProxyPreparedStatement.execute(ProxyPreparedStatement.java:44)
1. select upw, user_id as userId, pic,
        if(nick_name is null ,uid, nick_name) as nickName
        from user
        where uid = '11'
 {executed in 0 msec}
[2024-12-05 11:26:09 DEBUGhttp-nio-8080-exec-9] [jdbc.sqltiming]  com.zaxxer.hikari.pool.ProxyPreparedStatement.execute(ProxyPreparedStatement.java:44)
2. select upw, user_id as userId, pic,
        if(nick_name is null ,uid, nick_name) as nickName
        from user
        where uid = '11'
 {executed in 0 msec}
[2024-12-05 11:26:09 INFO http-nio-8080-exec-9] [jdbc.resultsettable] 
|-------------------------------------------------------------|--------|-----------------------------------------|---------|
|upw                                                          |user_id |pic                                      |nickname |
|-------------------------------------------------------------|--------|-----------------------------------------|---------|
|$2a$10$/FL2kogEtMKq8t2tv40iPuuSqwfb5dfNWzRU0jmMWJX2Q28/d8eJS |1       |2ef8b9f3-bb2b-446e-a17d-18fe27c210c1.jpg |33       |
|-------------------------------------------------------------|--------|-----------------------------------------|---------|

[2024-12-05 11:26:09 INFO http-nio-8080-exec-8] [jdbc.resultsettable] 
|-------------------------------------------------------------|--------|-----------------------------------------|---------|
|upw                                                          |user_id |pic                                      |nickname |
|-------------------------------------------------------------|--------|-----------------------------------------|---------|
|$2a$10$/FL2kogEtMKq8t2tv40iPuuSqwfb5dfNWzRU0jmMWJX2Q28/d8eJS |1       |2ef8b9f3-bb2b-446e-a17d-18fe27c210c1.jpg |33       |
|-------------------------------------------------------------|--------|-----------------------------------------|---------|

[2024-12-05 11:26:09 INFO http-nio-8080-exec-9] [com.green.greengram.user.UserService] com.green.greengram.user.model.UserSignInReq@30fc93fe
[2024-12-05 11:26:09 INFO http-nio-8080-exec-8] [com.green.greengram.user.UserService] com.green.greengram.user.model.UserSignInReq@1b62f83
[2024-12-05 11:26:09 INFO http-nio-8080-exec-9] [com.green.greengram.user.UserController] UserSignInRes(pic=2ef8b9f3-bb2b-446e-a17d-18fe27c210c1.jpg, nickName=33, userId=1, upw=$2a$10$/FL2kogEtMKq8t2tv40iPuuSqwfb5dfNWzRU0jmMWJX2Q28/d8eJS, msg=로그인 성공)
[2024-12-05 11:26:09 INFO http-nio-8080-exec-8] [com.green.greengram.user.UserController] UserSignInRes(pic=2ef8b9f3-bb2b-446e-a17d-18fe27c210c1.jpg, nickName=33, userId=1, upw=$2a$10$/FL2kogEtMKq8t2tv40iPuuSqwfb5dfNWzRU0jmMWJX2Q28/d8eJS, msg=로그인 성공)
[2024-12-05 11:26:09 WARN http-nio-8080-exec-9] [org.springframework.web.servlet.mvc.support.DefaultHandlerExceptionResolver] Resolved [org.springframework.web.context.request.async.AsyncRequestNotUsableException: ServletOutputStream failed to flush: java.nio.channels.ClosedChannelException]
[2024-12-05 11:26:09 WARN http-nio-8080-exec-8] [org.springframework.web.servlet.mvc.support.DefaultHandlerExceptionResolver] Resolved [org.springframework.web.context.request.async.AsyncRequestNotUsableException: ServletOutputStream failed to flush: java.nio.channels.ClosedChannelException]
[2024-12-05 11:26:09 INFO SpringApplicationShutdownHook] [com.zaxxer.hikari.HikariDataSource] HikariPool-1 - Shutdown initiated...
[2024-12-05 11:26:09 INFO SpringApplicationShutdownHook] [com.zaxxer.hikari.HikariDataSource] HikariPool-1 - Shutdown completed.
[2024-12-05 11:26:11 INFO restartedMain] [com.green.greengram.GreenGramVer3Application] Starting GreenGramVer2Application using Java 17.0.13 with PID 5960 (D:\Students\jang jin seong\GreenGramVer2\build\classes\java\main started by Administrator in D:\Students\jang jin seong\GreenGramVer2)
[2024-12-05 11:26:11 INFO restartedMain] [com.green.greengram.GreenGramVer3Application] No active profile set, falling back to 1 default profile: "default"
[2024-12-05 11:26:11 INFO restartedMain] [org.springframework.boot.devtools.env.DevToolsPropertyDefaultsPostProcessor] Devtools property defaults active! Set 'spring.devtools.add-properties' to 'false' to disable
[2024-12-05 11:26:11 INFO restartedMain] [org.springframework.boot.devtools.env.DevToolsPropertyDefaultsPostProcessor] For additional web related logging consider setting the 'logging.level.web' property to 'DEBUG'
[2024-12-05 11:26:12 INFO restartedMain] [org.springframework.boot.web.embedded.tomcat.TomcatWebServer] Tomcat initialized with port 8080 (http)
[2024-12-05 11:26:12 INFO restartedMain] [org.apache.coyote.http11.Http11NioProtocol] Initializing ProtocolHandler ["http-nio-8080"]
[2024-12-05 11:26:12 INFO restartedMain] [org.apache.catalina.core.StandardService] Starting service [Tomcat]
[2024-12-05 11:26:12 INFO restartedMain] [org.apache.catalina.core.StandardEngine] Starting Servlet engine: [Apache Tomcat/10.1.33]
[2024-12-05 11:26:12 INFO restartedMain] [org.apache.catalina.core.ContainerBase.[Tomcat].[localhost].[/]] Initializing Spring embedded WebApplicationContext
[2024-12-05 11:26:12 INFO restartedMain] [org.springframework.boot.web.servlet.context.ServletWebServerApplicationContext] Root WebApplicationContext: initialization completed in 775 ms
[2024-12-05 11:26:12 INFO restartedMain] [com.green.greengram.common.MyFileUtils] MFU 생성자: D:\Students\jang jin seong\download\greengram_ver2
[2024-12-05 11:26:12 INFO restartedMain] [org.springframework.boot.autoconfigure.web.servlet.WelcomePageHandlerMapping] Adding welcome page: class path resource [static/index.html]
[2024-12-05 11:26:12 INFO restartedMain] [org.springframework.boot.devtools.autoconfigure.OptionalLiveReloadServer] LiveReload server is running on port 35729
[2024-12-05 11:26:12 INFO restartedMain] [org.apache.coyote.http11.Http11NioProtocol] Starting ProtocolHandler ["http-nio-8080"]
[2024-12-05 11:26:12 INFO restartedMain] [org.springframework.boot.web.embedded.tomcat.TomcatWebServer] Tomcat started on port 8080 (http) with context path '/'
[2024-12-05 11:26:12 INFO restartedMain] [com.green.greengram.GreenGramVer3Application] Started GreenGramVer2Application in 1.661 seconds (process running for 2.022)
[2024-12-05 11:26:14 INFO http-nio-8080-exec-1] [org.apache.catalina.core.ContainerBase.[Tomcat].[localhost].[/]] Initializing Spring DispatcherServlet 'dispatcherServlet'
[2024-12-05 11:26:14 INFO http-nio-8080-exec-1] [org.springframework.web.servlet.DispatcherServlet] Initializing Servlet 'dispatcherServlet'
[2024-12-05 11:26:14 INFO http-nio-8080-exec-1] [org.springframework.web.servlet.DispatcherServlet] Completed initialization in 1 ms
[2024-12-05 11:26:14 INFO http-nio-8080-exec-1] [com.zaxxer.hikari.HikariDataSource] HikariPool-1 - Starting...
[2024-12-05 11:26:14 INFO http-nio-8080-exec-1] [com.zaxxer.hikari.pool.HikariPool] HikariPool-1 - Added connection net.sf.log4jdbc.sql.jdbcapi.ConnectionSpy@3c641a4d
[2024-12-05 11:26:14 INFO http-nio-8080-exec-1] [com.zaxxer.hikari.HikariDataSource] HikariPool-1 - Start completed.
[2024-12-05 11:26:14 DEBUGhttp-nio-8080-exec-1] [jdbc.sqltiming]  com.zaxxer.hikari.pool.ProxyPreparedStatement.execute(ProxyPreparedStatement.java:44)
1. select upw, user_id as userId, pic,
        if(nick_name is null ,uid, nick_name) as nickName
        from user
        where uid = '11'
 {executed in 0 msec}
[2024-12-05 11:26:14 INFO http-nio-8080-exec-1] [jdbc.resultsettable] 
|-------------------------------------------------------------|--------|-----------------------------------------|---------|
|upw                                                          |user_id |pic                                      |nickname |
|-------------------------------------------------------------|--------|-----------------------------------------|---------|
|$2a$10$/FL2kogEtMKq8t2tv40iPuuSqwfb5dfNWzRU0jmMWJX2Q28/d8eJS |1       |2ef8b9f3-bb2b-446e-a17d-18fe27c210c1.jpg |33       |
|-------------------------------------------------------------|--------|-----------------------------------------|---------|

[2024-12-05 11:26:14 INFO http-nio-8080-exec-1] [com.green.greengram.user.UserService] com.green.greengram.user.model.UserSignInReq@1cbeb022
[2024-12-05 11:26:14 INFO http-nio-8080-exec-1] [com.green.greengram.user.UserController] UserSignInRes(pic=2ef8b9f3-bb2b-446e-a17d-18fe27c210c1.jpg, nickName=33, userId=1, upw=$2a$10$/FL2kogEtMKq8t2tv40iPuuSqwfb5dfNWzRU0jmMWJX2Q28/d8eJS, msg=로그인 성공)
[2024-12-05 11:26:14 INFO http-nio-8080-exec-3] [com.green.greengram.feed.model.FeedGetReq] FeedGetReq 1,null,1
[2024-12-05 11:26:14 INFO http-nio-8080-exec-3] [com.green.greengram.feed.FeedController] feedC getFeedList p: FeedGetReq(super=Paging(page=1, size=20, sIdx=0), signedUserId=1)
[2024-12-05 11:26:14 DEBUGhttp-nio-8080-exec-3] [jdbc.sqltiming]  com.zaxxer.hikari.pool.ProxyPreparedStatement.execute(ProxyPreparedStatement.java:44)
1. SELECT a.feed_id AS feedId, writer_user_id AS writerUserId,
        if(nick_name IS NULL , uid, nick_name) AS writerNm,
        pic AS writerPic, contents, location, a.created_at AS createdAt,
        if(c.feed_id IS NULL ,0 , 1) AS isLike
        FROM feed A
        JOIN user B
        ON a.writer_user_id = b.user_id
        LEFT JOIN feed_like c
        ON a.feed_id = c.feed_id
        AND c.user_id = 1
        ORDER BY a.feed_id DESC
        LIMIT 0,20
 {executed in 0 msec}
[2024-12-05 11:26:14 INFO http-nio-8080-exec-3] [jdbc.resultsettable] 
|--------|---------------|---------|-----------------------------------------|-------------|---------|--------------------|-------|
|feed_id |writer_user_id |writernm |pic                                      |contents     |location |created_at          |islike |
|--------|---------------|---------|-----------------------------------------|-------------|---------|--------------------|-------|
|27      |1              |33       |2ef8b9f3-bb2b-446e-a17d-18fe27c210c1.jpg |I am panguin |남극       |2024-11-29 17:07:59 |0      |
|26      |1              |33       |2ef8b9f3-bb2b-446e-a17d-18fe27c210c1.jpg |I am panguin |남극       |2024-11-29 16:46:01 |0      |
|25      |5              |66       |d6440a69-541b-4d3c-969a-a6b643fd10de.jpg |4123         |213      |2024-11-29 16:32:31 |0      |
|24      |1              |33       |2ef8b9f3-bb2b-446e-a17d-18fe27c210c1.jpg |31231        |123      |2024-11-29 16:01:53 |0      |
|23      |1              |33       |2ef8b9f3-bb2b-446e-a17d-18fe27c210c1.jpg |4754         |444      |2024-11-29 16:00:03 |0      |
|22      |1              |33       |2ef8b9f3-bb2b-446e-a17d-18fe27c210c1.jpg |aaa          |aa       |2024-11-29 15:58:25 |0      |
|14      |1              |33       |2ef8b9f3-bb2b-446e-a17d-18fe27c210c1.jpg |null         |null     |2024-11-29 10:51:21 |1      |
|13      |1              |33       |2ef8b9f3-bb2b-446e-a17d-18fe27c210c1.jpg |null         |null     |2024-11-29 10:51:14 |1      |
|12      |1              |33       |2ef8b9f3-bb2b-446e-a17d-18fe27c210c1.jpg |null         |null     |2024-11-29 10:42:17 |1      |
|11      |1              |33       |2ef8b9f3-bb2b-446e-a17d-18fe27c210c1.jpg |123          |33123    |2024-11-29 10:42:01 |0      |
|9       |1              |33       |2ef8b9f3-bb2b-446e-a17d-18fe27c210c1.jpg |21123        |3        |2024-11-29 10:37:22 |0      |
|7       |1              |33       |2ef8b9f3-bb2b-446e-a17d-18fe27c210c1.jpg |null         |null     |2024-11-28 17:20:59 |1      |
|6       |1              |33       |2ef8b9f3-bb2b-446e-a17d-18fe27c210c1.jpg |             |         |2024-11-28 17:15:01 |0      |
|--------|---------------|---------|-----------------------------------------|-------------|---------|--------------------|-------|

[2024-12-05 11:26:14 DEBUGhttp-nio-8080-exec-3] [jdbc.sqltiming]  com.zaxxer.hikari.pool.ProxyPreparedStatement.execute(ProxyPreparedStatement.java:44)
1. select pic
        from feed_pics
        where feed_id = 27
 {executed in 0 msec}
[2024-12-05 11:26:14 INFO http-nio-8080-exec-3] [jdbc.resultsettable] 
|-----------------------------------------|
|pic                                      |
|-----------------------------------------|
|5a0d637a-00c7-441f-a9fa-c0dc68af2602.jpg |
|-----------------------------------------|

[2024-12-05 11:26:14 DEBUGhttp-nio-8080-exec-3] [jdbc.sqltiming]  com.zaxxer.hikari.pool.ProxyPreparedStatement.execute(ProxyPreparedStatement.java:44)
1. SELECT a.user_id AS writerUserId, feed_comment_id as feedCommentId, comment,
        if(nick_name is null , uid, nick_name) as writerNm, pic as writerPic
        FROM feed_comments A
        join user B
        on a.user_id = b.user_id
        WHERE feed_id = 27
        ORDER BY feed_comment_id DESC
        LIMIT 0, 4
 {executed in 0 msec}
[2024-12-05 11:26:14 INFO http-nio-8080-exec-3] [jdbc.resultsettable] 
|--------|----------------|--------|---------|-----------------------------------------|
|user_id |feed_comment_id |comment |writernm |pic                                      |
|--------|----------------|--------|---------|-----------------------------------------|
|1       |41              |5       |33       |2ef8b9f3-bb2b-446e-a17d-18fe27c210c1.jpg |
|1       |40              |4       |33       |2ef8b9f3-bb2b-446e-a17d-18fe27c210c1.jpg |
|1       |37              |3       |33       |2ef8b9f3-bb2b-446e-a17d-18fe27c210c1.jpg |
|1       |36              |2       |33       |2ef8b9f3-bb2b-446e-a17d-18fe27c210c1.jpg |
|--------|----------------|--------|---------|-----------------------------------------|

[2024-12-05 11:26:14 DEBUGhttp-nio-8080-exec-3] [jdbc.sqltiming]  com.zaxxer.hikari.pool.ProxyPreparedStatement.execute(ProxyPreparedStatement.java:44)
1. select pic
        from feed_pics
        where feed_id = 26
 {executed in 1 msec}
[2024-12-05 11:26:14 INFO http-nio-8080-exec-3] [jdbc.resultsettable] 
|-----------------------------------------|
|pic                                      |
|-----------------------------------------|
|3e5fe979-fe9c-4ed6-9ad7-c1dbf4f2538f.jpg |
|-----------------------------------------|

[2024-12-05 11:26:14 DEBUGhttp-nio-8080-exec-3] [jdbc.sqltiming]  com.zaxxer.hikari.pool.ProxyPreparedStatement.execute(ProxyPreparedStatement.java:44)
1. SELECT a.user_id AS writerUserId, feed_comment_id as feedCommentId, comment,
        if(nick_name is null , uid, nick_name) as writerNm, pic as writerPic
        FROM feed_comments A
        join user B
        on a.user_id = b.user_id
        WHERE feed_id = 26
        ORDER BY feed_comment_id DESC
        LIMIT 0, 4
 {executed in 1 msec}
[2024-12-05 11:26:14 INFO http-nio-8080-exec-3] [jdbc.resultsettable] 
|--------|----------------|--------|---------|-----------------------------------------|
|user_id |feed_comment_id |comment |writernm |pic                                      |
|--------|----------------|--------|---------|-----------------------------------------|
|1       |9               |s       |33       |2ef8b9f3-bb2b-446e-a17d-18fe27c210c1.jpg |
|5       |8               |123     |66       |d6440a69-541b-4d3c-969a-a6b643fd10de.jpg |
|--------|----------------|--------|---------|-----------------------------------------|

[2024-12-05 11:26:14 DEBUGhttp-nio-8080-exec-3] [jdbc.sqltiming]  com.zaxxer.hikari.pool.ProxyPreparedStatement.execute(ProxyPreparedStatement.java:44)
1. select pic
        from feed_pics
        where feed_id = 25
 {executed in 0 msec}
[2024-12-05 11:26:14 INFO http-nio-8080-exec-3] [jdbc.resultsettable] 
|-----------------------------------------|
|pic                                      |
|-----------------------------------------|
|8213634a-99df-42d8-963e-87bc120cc8a7.jpg |
|-----------------------------------------|

[2024-12-05 11:26:14 DEBUGhttp-nio-8080-exec-3] [jdbc.sqltiming]  com.zaxxer.hikari.pool.ProxyPreparedStatement.execute(ProxyPreparedStatement.java:44)
1. SELECT a.user_id AS writerUserId, feed_comment_id as feedCommentId, comment,
        if(nick_name is null , uid, nick_name) as writerNm, pic as writerPic
        FROM feed_comments A
        join user B
        on a.user_id = b.user_id
        WHERE feed_id = 25
        ORDER BY feed_comment_id DESC
        LIMIT 0, 4
 {executed in 0 msec}
[2024-12-05 11:26:14 INFO http-nio-8080-exec-3] [jdbc.resultsettable] 
|--------|----------------|--------|---------|----|
|user_id |feed_comment_id |comment |writernm |pic |
|--------|----------------|--------|---------|----|
|--------|----------------|--------|---------|----|

[2024-12-05 11:26:14 DEBUGhttp-nio-8080-exec-3] [jdbc.sqltiming]  com.zaxxer.hikari.pool.ProxyPreparedStatement.execute(ProxyPreparedStatement.java:44)
1. select pic
        from feed_pics
        where feed_id = 24
 {executed in 1 msec}
[2024-12-05 11:26:14 INFO http-nio-8080-exec-3] [jdbc.resultsettable] 
|-----------------------------------------|
|pic                                      |
|-----------------------------------------|
|dfe6f2c1-3753-4a6a-aff4-0de7fa2786b8.jpg |
|-----------------------------------------|

[2024-12-05 11:26:14 DEBUGhttp-nio-8080-exec-3] [jdbc.sqltiming]  com.zaxxer.hikari.pool.ProxyPreparedStatement.execute(ProxyPreparedStatement.java:44)
1. SELECT a.user_id AS writerUserId, feed_comment_id as feedCommentId, comment,
        if(nick_name is null , uid, nick_name) as writerNm, pic as writerPic
        FROM feed_comments A
        join user B
        on a.user_id = b.user_id
        WHERE feed_id = 24
        ORDER BY feed_comment_id DESC
        LIMIT 0, 4
 {executed in 0 msec}
[2024-12-05 11:26:14 INFO http-nio-8080-exec-3] [jdbc.resultsettable] 
|--------|----------------|--------|---------|----|
|user_id |feed_comment_id |comment |writernm |pic |
|--------|----------------|--------|---------|----|
|--------|----------------|--------|---------|----|

[2024-12-05 11:26:14 DEBUGhttp-nio-8080-exec-3] [jdbc.sqltiming]  com.zaxxer.hikari.pool.ProxyPreparedStatement.execute(ProxyPreparedStatement.java:44)
1. select pic
        from feed_pics
        where feed_id = 23
 {executed in 0 msec}
[2024-12-05 11:26:14 INFO http-nio-8080-exec-3] [jdbc.resultsettable] 
|-----------------------------------------|
|pic                                      |
|-----------------------------------------|
|f3e6375d-35d8-4a4a-a976-26ca5c6abaac.jpg |
|-----------------------------------------|

[2024-12-05 11:26:14 DEBUGhttp-nio-8080-exec-3] [jdbc.sqltiming]  com.zaxxer.hikari.pool.ProxyPreparedStatement.execute(ProxyPreparedStatement.java:44)
1. SELECT a.user_id AS writerUserId, feed_comment_id as feedCommentId, comment,
        if(nick_name is null , uid, nick_name) as writerNm, pic as writerPic
        FROM feed_comments A
        join user B
        on a.user_id = b.user_id
        WHERE feed_id = 23
        ORDER BY feed_comment_id DESC
        LIMIT 0, 4
 {executed in 0 msec}
[2024-12-05 11:26:14 INFO http-nio-8080-exec-3] [jdbc.resultsettable] 
|--------|----------------|--------|---------|----|
|user_id |feed_comment_id |comment |writernm |pic |
|--------|----------------|--------|---------|----|
|--------|----------------|--------|---------|----|

[2024-12-05 11:26:14 DEBUGhttp-nio-8080-exec-3] [jdbc.sqltiming]  com.zaxxer.hikari.pool.ProxyPreparedStatement.execute(ProxyPreparedStatement.java:44)
1. select pic
        from feed_pics
        where feed_id = 22
 {executed in 1 msec}
[2024-12-05 11:26:14 INFO http-nio-8080-exec-3] [jdbc.resultsettable] 
|-----------------------------------------|
|pic                                      |
|-----------------------------------------|
|e97360ca-fe79-48c3-acaa-cd71042a0a78.tif |
|-----------------------------------------|

[2024-12-05 11:26:14 DEBUGhttp-nio-8080-exec-3] [jdbc.sqltiming]  com.zaxxer.hikari.pool.ProxyPreparedStatement.execute(ProxyPreparedStatement.java:44)
1. SELECT a.user_id AS writerUserId, feed_comment_id as feedCommentId, comment,
        if(nick_name is null , uid, nick_name) as writerNm, pic as writerPic
        FROM feed_comments A
        join user B
        on a.user_id = b.user_id
        WHERE feed_id = 22
        ORDER BY feed_comment_id DESC
        LIMIT 0, 4
 {executed in 0 msec}
[2024-12-05 11:26:14 INFO http-nio-8080-exec-3] [jdbc.resultsettable] 
|--------|----------------|--------|---------|----|
|user_id |feed_comment_id |comment |writernm |pic |
|--------|----------------|--------|---------|----|
|--------|----------------|--------|---------|----|

[2024-12-05 11:26:14 DEBUGhttp-nio-8080-exec-3] [jdbc.sqltiming]  com.zaxxer.hikari.pool.ProxyPreparedStatement.execute(ProxyPreparedStatement.java:44)
1. select pic
        from feed_pics
        where feed_id = 14
 {executed in 0 msec}
[2024-12-05 11:26:14 INFO http-nio-8080-exec-3] [jdbc.resultsettable] 
|-----------------------------------------|
|pic                                      |
|-----------------------------------------|
|a3709fe6-3e0d-4f04-8cef-1cc328c4fc0c.jpg |
|ada457b9-68aa-4a78-b0c8-c5035af844e2.jpg |
|-----------------------------------------|

[2024-12-05 11:26:14 DEBUGhttp-nio-8080-exec-3] [jdbc.sqltiming]  com.zaxxer.hikari.pool.ProxyPreparedStatement.execute(ProxyPreparedStatement.java:44)
1. SELECT a.user_id AS writerUserId, feed_comment_id as feedCommentId, comment,
        if(nick_name is null , uid, nick_name) as writerNm, pic as writerPic
        FROM feed_comments A
        join user B
        on a.user_id = b.user_id
        WHERE feed_id = 14
        ORDER BY feed_comment_id DESC
        LIMIT 0, 4
 {executed in 1 msec}
[2024-12-05 11:26:14 INFO http-nio-8080-exec-3] [jdbc.resultsettable] 
|--------|----------------|--------|---------|----|
|user_id |feed_comment_id |comment |writernm |pic |
|--------|----------------|--------|---------|----|
|--------|----------------|--------|---------|----|

[2024-12-05 11:26:14 DEBUGhttp-nio-8080-exec-3] [jdbc.sqltiming]  com.zaxxer.hikari.pool.ProxyPreparedStatement.execute(ProxyPreparedStatement.java:44)
1. select pic
        from feed_pics
        where feed_id = 13
 {executed in 0 msec}
[2024-12-05 11:26:14 INFO http-nio-8080-exec-3] [jdbc.resultsettable] 
|-----------------------------------------|
|pic                                      |
|-----------------------------------------|
|6fe5de58-57ef-47e7-80c7-49c0506ca143.jpg |
|920ca8e8-5dc2-4844-aa7f-d7782e94d380.jpg |
|-----------------------------------------|

[2024-12-05 11:26:14 DEBUGhttp-nio-8080-exec-3] [jdbc.sqltiming]  com.zaxxer.hikari.pool.ProxyPreparedStatement.execute(ProxyPreparedStatement.java:44)
1. SELECT a.user_id AS writerUserId, feed_comment_id as feedCommentId, comment,
        if(nick_name is null , uid, nick_name) as writerNm, pic as writerPic
        FROM feed_comments A
        join user B
        on a.user_id = b.user_id
        WHERE feed_id = 13
        ORDER BY feed_comment_id DESC
        LIMIT 0, 4
 {executed in 0 msec}
[2024-12-05 11:26:14 INFO http-nio-8080-exec-3] [jdbc.resultsettable] 
|--------|----------------|--------|---------|----|
|user_id |feed_comment_id |comment |writernm |pic |
|--------|----------------|--------|---------|----|
|--------|----------------|--------|---------|----|

[2024-12-05 11:26:14 DEBUGhttp-nio-8080-exec-3] [jdbc.sqltiming]  com.zaxxer.hikari.pool.ProxyPreparedStatement.execute(ProxyPreparedStatement.java:44)
1. select pic
        from feed_pics
        where feed_id = 12
 {executed in 0 msec}
[2024-12-05 11:26:14 INFO http-nio-8080-exec-3] [jdbc.resultsettable] 
|-----------------------------------------|
|pic                                      |
|-----------------------------------------|
|84e77be4-2b62-4f40-8f8b-0803e1080449.jpg |
|84f31709-40aa-40eb-a7e7-da0219067927.jpg |
|-----------------------------------------|

[2024-12-05 11:26:14 DEBUGhttp-nio-8080-exec-3] [jdbc.sqltiming]  com.zaxxer.hikari.pool.ProxyPreparedStatement.execute(ProxyPreparedStatement.java:44)
1. SELECT a.user_id AS writerUserId, feed_comment_id as feedCommentId, comment,
        if(nick_name is null , uid, nick_name) as writerNm, pic as writerPic
        FROM feed_comments A
        join user B
        on a.user_id = b.user_id
        WHERE feed_id = 12
        ORDER BY feed_comment_id DESC
        LIMIT 0, 4
 {executed in 0 msec}
[2024-12-05 11:26:14 INFO http-nio-8080-exec-3] [jdbc.resultsettable] 
|--------|----------------|--------|---------|----|
|user_id |feed_comment_id |comment |writernm |pic |
|--------|----------------|--------|---------|----|
|--------|----------------|--------|---------|----|

[2024-12-05 11:26:14 DEBUGhttp-nio-8080-exec-3] [jdbc.sqltiming]  com.zaxxer.hikari.pool.ProxyPreparedStatement.execute(ProxyPreparedStatement.java:44)
1. select pic
        from feed_pics
        where feed_id = 11
 {executed in 0 msec}
[2024-12-05 11:26:14 INFO http-nio-8080-exec-3] [jdbc.resultsettable] 
|-----------------------------------------|
|pic                                      |
|-----------------------------------------|
|3fc51a83-46ea-43ca-a85b-6fad4794a2bd.jpg |
|49906eb9-a412-4428-a629-baccbe152c75.jpg |
|-----------------------------------------|

[2024-12-05 11:26:14 DEBUGhttp-nio-8080-exec-3] [jdbc.sqltiming]  com.zaxxer.hikari.pool.ProxyPreparedStatement.execute(ProxyPreparedStatement.java:44)
1. SELECT a.user_id AS writerUserId, feed_comment_id as feedCommentId, comment,
        if(nick_name is null , uid, nick_name) as writerNm, pic as writerPic
        FROM feed_comments A
        join user B
        on a.user_id = b.user_id
        WHERE feed_id = 11
        ORDER BY feed_comment_id DESC
        LIMIT 0, 4
 {executed in 0 msec}
[2024-12-05 11:26:14 INFO http-nio-8080-exec-3] [jdbc.resultsettable] 
|--------|----------------|--------|---------|----|
|user_id |feed_comment_id |comment |writernm |pic |
|--------|----------------|--------|---------|----|
|--------|----------------|--------|---------|----|

[2024-12-05 11:26:14 DEBUGhttp-nio-8080-exec-3] [jdbc.sqltiming]  com.zaxxer.hikari.pool.ProxyPreparedStatement.execute(ProxyPreparedStatement.java:44)
1. select pic
        from feed_pics
        where feed_id = 9
 {executed in 1 msec}
[2024-12-05 11:26:14 INFO http-nio-8080-exec-3] [jdbc.resultsettable] 
|-----------------------------------------|
|pic                                      |
|-----------------------------------------|
|34669219-c5d3-4d84-a277-fd8c2b8bca4f.jpg |
|f1ed44ba-1254-4232-9a0d-65037abe1e9c.jpg |
|-----------------------------------------|

[2024-12-05 11:26:14 DEBUGhttp-nio-8080-exec-3] [jdbc.sqltiming]  com.zaxxer.hikari.pool.ProxyPreparedStatement.execute(ProxyPreparedStatement.java:44)
1. SELECT a.user_id AS writerUserId, feed_comment_id as feedCommentId, comment,
        if(nick_name is null , uid, nick_name) as writerNm, pic as writerPic
        FROM feed_comments A
        join user B
        on a.user_id = b.user_id
        WHERE feed_id = 9
        ORDER BY feed_comment_id DESC
        LIMIT 0, 4
 {executed in 0 msec}
[2024-12-05 11:26:14 INFO http-nio-8080-exec-3] [jdbc.resultsettable] 
|--------|----------------|--------|---------|----|
|user_id |feed_comment_id |comment |writernm |pic |
|--------|----------------|--------|---------|----|
|--------|----------------|--------|---------|----|

[2024-12-05 11:26:14 DEBUGhttp-nio-8080-exec-3] [jdbc.sqltiming]  com.zaxxer.hikari.pool.ProxyPreparedStatement.execute(ProxyPreparedStatement.java:44)
1. select pic
        from feed_pics
        where feed_id = 7
 {executed in 1 msec}
[2024-12-05 11:26:14 INFO http-nio-8080-exec-3] [jdbc.resultsettable] 
|-----------------------------------------|
|pic                                      |
|-----------------------------------------|
|14ecfa41-07fc-40d0-b50b-3fe95a840992.jpg |
|2694c9a6-a7b3-4800-ac73-0c853e16a152.jpg |
|-----------------------------------------|

[2024-12-05 11:26:14 DEBUGhttp-nio-8080-exec-3] [jdbc.sqltiming]  com.zaxxer.hikari.pool.ProxyPreparedStatement.execute(ProxyPreparedStatement.java:44)
1. SELECT a.user_id AS writerUserId, feed_comment_id as feedCommentId, comment,
        if(nick_name is null , uid, nick_name) as writerNm, pic as writerPic
        FROM feed_comments A
        join user B
        on a.user_id = b.user_id
        WHERE feed_id = 7
        ORDER BY feed_comment_id DESC
        LIMIT 0, 4
 {executed in 0 msec}
[2024-12-05 11:26:14 INFO http-nio-8080-exec-3] [jdbc.resultsettable] 
|--------|----------------|--------|---------|----|
|user_id |feed_comment_id |comment |writernm |pic |
|--------|----------------|--------|---------|----|
|--------|----------------|--------|---------|----|

[2024-12-05 11:26:14 DEBUGhttp-nio-8080-exec-3] [jdbc.sqltiming]  com.zaxxer.hikari.pool.ProxyPreparedStatement.execute(ProxyPreparedStatement.java:44)
1. select pic
        from feed_pics
        where feed_id = 6
 {executed in 0 msec}
[2024-12-05 11:26:14 INFO http-nio-8080-exec-3] [jdbc.resultsettable] 
|-----------------------------------------|
|pic                                      |
|-----------------------------------------|
|3c31d519-96b0-49bd-8657-d1eac4fb3fc1.jpg |
|-----------------------------------------|

[2024-12-05 11:26:14 DEBUGhttp-nio-8080-exec-3] [jdbc.sqltiming]  com.zaxxer.hikari.pool.ProxyPreparedStatement.execute(ProxyPreparedStatement.java:44)
1. SELECT a.user_id AS writerUserId, feed_comment_id as feedCommentId, comment,
        if(nick_name is null , uid, nick_name) as writerNm, pic as writerPic
        FROM feed_comments A
        join user B
        on a.user_id = b.user_id
        WHERE feed_id = 6
        ORDER BY feed_comment_id DESC
        LIMIT 0, 4
 {executed in 0 msec}
[2024-12-05 11:26:14 INFO http-nio-8080-exec-3] [jdbc.resultsettable] 
|--------|----------------|--------|---------|----|
|user_id |feed_comment_id |comment |writernm |pic |
|--------|----------------|--------|---------|----|
|--------|----------------|--------|---------|----|

[2024-12-05 11:26:20 INFO SpringApplicationShutdownHook] [com.zaxxer.hikari.HikariDataSource] HikariPool-1 - Shutdown initiated...
[2024-12-05 11:26:20 INFO SpringApplicationShutdownHook] [com.zaxxer.hikari.HikariDataSource] HikariPool-1 - Shutdown completed.
[2024-12-05 11:26:22 INFO restartedMain] [com.green.greengram.GreenGramVer3Application] Starting GreenGramVer2Application using Java 17.0.13 with PID 10476 (D:\Students\jang jin seong\GreenGramVer2\build\classes\java\main started by Administrator in D:\Students\jang jin seong\GreenGramVer2)
[2024-12-05 11:26:22 INFO restartedMain] [com.green.greengram.GreenGramVer3Application] No active profile set, falling back to 1 default profile: "default"
[2024-12-05 11:26:22 INFO restartedMain] [org.springframework.boot.devtools.env.DevToolsPropertyDefaultsPostProcessor] Devtools property defaults active! Set 'spring.devtools.add-properties' to 'false' to disable
[2024-12-05 11:26:22 INFO restartedMain] [org.springframework.boot.devtools.env.DevToolsPropertyDefaultsPostProcessor] For additional web related logging consider setting the 'logging.level.web' property to 'DEBUG'
[2024-12-05 11:26:23 INFO restartedMain] [org.springframework.boot.web.embedded.tomcat.TomcatWebServer] Tomcat initialized with port 8080 (http)
[2024-12-05 11:26:23 INFO restartedMain] [org.apache.coyote.http11.Http11NioProtocol] Initializing ProtocolHandler ["http-nio-8080"]
[2024-12-05 11:26:23 INFO restartedMain] [org.apache.catalina.core.StandardService] Starting service [Tomcat]
[2024-12-05 11:26:23 INFO restartedMain] [org.apache.catalina.core.StandardEngine] Starting Servlet engine: [Apache Tomcat/10.1.33]
[2024-12-05 11:26:23 INFO restartedMain] [org.apache.catalina.core.ContainerBase.[Tomcat].[localhost].[/]] Initializing Spring embedded WebApplicationContext
[2024-12-05 11:26:23 INFO restartedMain] [org.springframework.boot.web.servlet.context.ServletWebServerApplicationContext] Root WebApplicationContext: initialization completed in 838 ms
[2024-12-05 11:26:23 INFO restartedMain] [com.green.greengram.common.MyFileUtils] MFU 생성자: D:\Students\jang jin seong\download\greengram_ver2
[2024-12-05 11:26:23 INFO restartedMain] [org.springframework.boot.autoconfigure.web.servlet.WelcomePageHandlerMapping] Adding welcome page: class path resource [static/index.html]
[2024-12-05 11:26:23 INFO restartedMain] [org.springframework.boot.devtools.autoconfigure.OptionalLiveReloadServer] LiveReload server is running on port 35729
[2024-12-05 11:26:23 INFO restartedMain] [org.apache.coyote.http11.Http11NioProtocol] Starting ProtocolHandler ["http-nio-8080"]
[2024-12-05 11:26:23 INFO restartedMain] [org.springframework.boot.web.embedded.tomcat.TomcatWebServer] Tomcat started on port 8080 (http) with context path '/'
[2024-12-05 11:26:23 INFO restartedMain] [com.green.greengram.GreenGramVer3Application] Started GreenGramVer2Application in 1.758 seconds (process running for 2.175)
